  ConsoleApplication40.cpp
c:\users\ahmedgomaa\documents\visual studio 2015\projects\consoleapplication40\consoleapplication40\clsstring.h(43): warning C4267: 'return': conversion from 'size_t' to 'short', possible loss of data
c:\users\ahmedgomaa\documents\visual studio 2015\projects\consoleapplication40\consoleapplication40\clsstring.h(48): warning C4267: 'return': conversion from 'size_t' to 'short', possible loss of data
c:\users\ahmedgomaa\documents\visual studio 2015\projects\consoleapplication40\consoleapplication40\clsstring.h(60): warning C4267: '=': conversion from 'size_t' to 'short', possible loss of data
c:\users\ahmedgomaa\documents\visual studio 2015\projects\consoleapplication40\consoleapplication40\clsstring.h(91): warning C4018: '<': signed/unsigned mismatch
c:\users\ahmedgomaa\documents\visual studio 2015\projects\consoleapplication40\consoleapplication40\clsstring.h(118): warning C4018: '<': signed/unsigned mismatch
c:\users\ahmedgomaa\documents\visual studio 2015\projects\consoleapplication40\consoleapplication40\clsstring.h(144): warning C4018: '<': signed/unsigned mismatch
c:\users\ahmedgomaa\documents\visual studio 2015\projects\consoleapplication40\consoleapplication40\clsstring.h(158): warning C4018: '<': signed/unsigned mismatch
c:\users\ahmedgomaa\documents\visual studio 2015\projects\consoleapplication40\consoleapplication40\clsstring.h(177): warning C4018: '<': signed/unsigned mismatch
c:\users\ahmedgomaa\documents\visual studio 2015\projects\consoleapplication40\consoleapplication40\clsstring.h(197): warning C4267: 'return': conversion from 'size_t' to 'short', possible loss of data
c:\users\ahmedgomaa\documents\visual studio 2015\projects\consoleapplication40\consoleapplication40\clsstring.h(202): warning C4018: '<': signed/unsigned mismatch
c:\users\ahmedgomaa\documents\visual studio 2015\projects\consoleapplication40\consoleapplication40\clsstring.h(224): warning C4018: '<': signed/unsigned mismatch
c:\users\ahmedgomaa\documents\visual studio 2015\projects\consoleapplication40\consoleapplication40\clsstring.h(245): warning C4018: '<': signed/unsigned mismatch
c:\users\ahmedgomaa\documents\visual studio 2015\projects\consoleapplication40\consoleapplication40\clsstring.h(266): warning C4018: '<': signed/unsigned mismatch
c:\users\ahmedgomaa\documents\visual studio 2015\projects\consoleapplication40\consoleapplication40\clsstring.h(303): warning C4018: '<': signed/unsigned mismatch
c:\users\ahmedgomaa\documents\visual studio 2015\projects\consoleapplication40\consoleapplication40\clsstring.h(328): warning C4267: '=': conversion from 'size_t' to 'short', possible loss of data
c:\users\ahmedgomaa\documents\visual studio 2015\projects\consoleapplication40\consoleapplication40\clsstring.h(357): warning C4018: '<': signed/unsigned mismatch
c:\users\ahmedgomaa\documents\visual studio 2015\projects\consoleapplication40\consoleapplication40\clsstring.h(376): warning C4267: 'initializing': conversion from 'size_t' to 'short', possible loss of data
c:\users\ahmedgomaa\documents\visual studio 2015\projects\consoleapplication40\consoleapplication40\clsstring.h(501): warning C4018: '<': signed/unsigned mismatch
c:\users\ahmedgomaa\documents\visual studio 2015\projects\consoleapplication40\consoleapplication40\clsinputvalidate.h(115): warning C4244: 'initializing': conversion from 'double' to 'float', possible loss of data
c:\users\ahmedgomaa\documents\visual studio 2015\projects\consoleapplication40\consoleapplication40\clsinputvalidate.h(119): warning C4244: '=': conversion from 'double' to 'float', possible loss of data
c:\users\ahmedgomaa\documents\visual studio 2015\projects\consoleapplication40\consoleapplication40\clsutil.h(68): warning C4102: 'defualt': unreferenced label
c:\users\ahmedgomaa\documents\visual studio 2015\projects\consoleapplication40\consoleapplication40\clsutil.h(224): warning C4018: '<=': signed/unsigned mismatch
c:\users\ahmedgomaa\documents\visual studio 2015\projects\consoleapplication40\consoleapplication40\clsutil.h(238): warning C4018: '<=': signed/unsigned mismatch
c:\users\ahmedgomaa\documents\visual studio 2015\projects\consoleapplication40\consoleapplication40\consoleapplication40.cpp(34): warning C4244: 'argument': conversion from 'double' to 'float', possible loss of data
c:\users\ahmedgomaa\documents\visual studio 2015\projects\consoleapplication40\consoleapplication40\consoleapplication40.cpp(240): warning C4244: 'argument': conversion from 'double' to 'int', possible loss of data
c:\users\ahmedgomaa\documents\visual studio 2015\projects\consoleapplication40\consoleapplication40\consoleapplication40.cpp(247): warning C4101: 'MainMenue': unreferenced local variable
c:\users\ahmedgomaa\documents\visual studio 2015\projects\consoleapplication40\consoleapplication40\clsbankclient.h(247): warning C4715: 'clsBankClient::Save': not all control paths return a value
c:\users\ahmedgomaa\documents\visual studio 2015\projects\consoleapplication40\consoleapplication40\clsutil.h(293): warning C4715: 'clsUtil::NumberToText': not all control paths return a value
  ConsoleApplication40.vcxproj -> C:\Users\AhmedGomaa\documents\visual studio 2015\Projects\ConsoleApplication40\Debug\ConsoleApplication40.exe
  ConsoleApplication40.vcxproj -> C:\Users\AhmedGomaa\documents\visual studio 2015\Projects\ConsoleApplication40\Debug\ConsoleApplication40.pdb (Full PDB)
